{"C:\\Users\\mishagukasyan\\Desktop\\учёба\\ajs-homeworks\\ajs-test-ci\\src\\js\\health.js": {"path":"C:\\Users\\mishagukasyan\\Desktop\\учёба\\ajs-homeworks\\ajs-test-ci\\src\\js\\health.js","all":false,"statementMap":{"0":{"start":{"line":1,"column":0},"end":{"line":1,"column":52}},"1":{"start":{"line":2,"column":0},"end":{"line":2,"column":27}},"2":{"start":{"line":3,"column":0},"end":{"line":3,"column":21}},"3":{"start":{"line":4,"column":0},"end":{"line":4,"column":3}},"4":{"start":{"line":5,"column":0},"end":{"line":5,"column":51}},"5":{"start":{"line":6,"column":0},"end":{"line":6,"column":21}},"6":{"start":{"line":7,"column":0},"end":{"line":7,"column":3}},"7":{"start":{"line":8,"column":0},"end":{"line":8,"column":20}},"8":{"start":{"line":9,"column":0},"end":{"line":9,"column":1}}},"s":{"0":1,"1":5,"2":1,"3":1,"4":5,"5":3,"6":3,"7":1,"8":1},"branchMap":{"0":{"type":"branch","line":1,"loc":{"start":{"line":1,"column":15},"end":{"line":9,"column":1}},"locations":[{"start":{"line":1,"column":15},"end":{"line":9,"column":1}}]},"1":{"type":"branch","line":2,"loc":{"start":{"line":2,"column":26},"end":{"line":4,"column":3}},"locations":[{"start":{"line":2,"column":26},"end":{"line":4,"column":3}}]},"2":{"type":"branch","line":4,"loc":{"start":{"line":4,"column":2},"end":{"line":5,"column":48}},"locations":[{"start":{"line":4,"column":2},"end":{"line":5,"column":48}}]},"3":{"type":"branch","line":5,"loc":{"start":{"line":5,"column":50},"end":{"line":7,"column":3}},"locations":[{"start":{"line":5,"column":50},"end":{"line":7,"column":3}}]},"4":{"type":"branch","line":7,"loc":{"start":{"line":7,"column":2},"end":{"line":9,"column":1}},"locations":[{"start":{"line":7,"column":2},"end":{"line":9,"column":1}}]}},"b":{"0":[5],"1":[1],"2":[4],"3":[3],"4":[1]},"fnMap":{"0":{"name":"checkPlayersHealts","decl":{"start":{"line":1,"column":15},"end":{"line":9,"column":1}},"loc":{"start":{"line":1,"column":15},"end":{"line":9,"column":1}},"line":1}},"f":{"0":5}}
}
